<?xml version="1.0" encoding="UTF-8"?>
<robot generator="Robot 7.1 (Python 3.13.0 on win32)" generated="2024-11-10T18:31:55.408458" rpa="false" schemaversion="5">
<suite id="s1" name="Tests" source="C:\Users\Maurício\Documents\Automações\Autoforce\tests">
<suite id="s1-s1" name="Regressao" source="C:\Users\Maurício\Documents\Automações\Autoforce\tests\regressao.robot">
<test id="s1-s1-t1" name="2" line="10">
<kw name="Acessar o site" owner="base" type="SETUP">
<kw name="New Browser" owner="Browser">
<msg time="2024-11-10T18:31:55.556596" level="INFO">{"browser": "chromium", "headless": false, "chromiumSandbox": false, "devtools": false, "handleSIGHUP": true, "handleSIGINT": true, "handleSIGTERM": true, "slowMo": 0.0, "timeout": 30000.0, "tracesDir": "C:\\Users\\Maur\u00edcio\\Documents\\Automa\u00e7\u00f5es\\Autoforce\\logs\\20241110\\2\\browser\\traces\\66414fd8-e1b2-4ce9-97f3-2f0ce263fbfa"}</msg>
<msg time="2024-11-10T18:31:55.570517" level="INFO">Starting Browser process C:\Users\Maurício\AppData\Local\Programs\Python\Python313\Lib\site-packages\Browser\wrapper\index.js using port 52994</msg>
<msg time="2024-11-10T18:31:55.570602" level="INFO">Node startup parameters: ['node', 'C:\\Users\\Maurício\\AppData\\Local\\Programs\\Python\\Python313\\Lib\\site-packages\\Browser\\wrapper\\index.js', '52994']</msg>
<msg time="2024-11-10T18:31:56.332837" level="INFO">Successfully created browser with options: {"browser":"chromium","headless":false,"chromiumSandbox":false,"devtools":false,"handleSIGHUP":true,"handleSIGINT":true,"handleSIGTERM":true,"slowMo":0,"timeout":30000,"tracesDir":"C:\\Users\\Maurício\\Documents\\Automações\\Autoforce\\logs\\20241110\\2\\browser\\traces\\66414fd8-e1b2-4ce9-97f3-2f0ce263fbfa"}</msg>
<arg>browser=${BROWSER}</arg>
<arg>headless=${HEADLESS}</arg>
<tag>BrowserControl</tag>
<tag>Setter</tag>
<doc>Create a new playwright Browser with specified options.</doc>
<status status="PASS" start="2024-11-10T18:31:55.556025" elapsed="0.776952"/>
</kw>
<kw name="New Context" owner="Browser">
<msg time="2024-11-10T18:31:56.333655" level="INFO">{
  "acceptDownloads": true,
  "bypassCSP": false,
  "forcedColors": "none",
  "ignoreHTTPSErrors": true,
  "javaScriptEnabled": true,
  "offline": false,
  "reducedMotion": "no-preference",
  "serviceWorkers": "allow",
  "viewport": {
    "width": 1280,
    "height": 720
  }
}</msg>
<msg time="2024-11-10T18:31:56.347403" level="INFO">Successfully created context. </msg>
<msg time="2024-11-10T18:31:56.347473" level="INFO">{'acceptDownloads': True, 'bypassCSP': False, 'forcedColors': 'none', 'ignoreHTTPSErrors': True, 'javaScriptEnabled': True, 'offline': False, 'reducedMotion': 'no-preference', 'serviceWorkers': 'allow', 'viewport': {'width': 1280, 'height': 720}}</msg>
<arg>ignoreHTTPSErrors=True</arg>
<tag>BrowserControl</tag>
<tag>Setter</tag>
<doc>Create a new BrowserContext with specified options.</doc>
<status status="PASS" start="2024-11-10T18:31:56.333187" elapsed="0.014379"/>
</kw>
<kw name="New Page" owner="Browser">
<msg time="2024-11-10T18:32:02.378116" level="INFO">Successfully initialized new page object and opened url: https://testes.autoforce.com.br/dealer-bmw-desafio/novos/z4-2022</msg>
<arg>${HOME_PAGE}</arg>
<tag>BrowserControl</tag>
<tag>Setter</tag>
<doc>Open a new Page.</doc>
<status status="PASS" start="2024-11-10T18:31:56.347783" elapsed="6.030564"/>
</kw>
<kw name="Wait For Elements State" owner="Browser">
<msg time="2024-11-10T18:32:03.355702" level="INFO">Waited for Element with selector css=h1[class*=title] at state visible</msg>
<arg>${Title_Page}</arg>
<tag>PageContent</tag>
<tag>Wait</tag>
<doc>Waits for the element found by ``selector`` to satisfy state option.</doc>
<status status="PASS" start="2024-11-10T18:32:02.378558" elapsed="0.977268"/>
</kw>
<status status="PASS" start="2024-11-10T18:31:55.555555" elapsed="7.800368"/>
</kw>
<kw name="Get JSON" owner="base">
<kw name="Get File" owner="OperatingSystem">
<msg time="2024-11-10T18:32:03.356626" level="INFO" html="true">Getting file '&lt;a href="file://C:\Users\Maurício\Documents\Automações\Autoforce\resources\fixtures\massa_dados.json"&gt;C:\Users\Maurício\Documents\Automações\Autoforce\resources\fixtures\massa_dados.json&lt;/a&gt;'.</msg>
<msg time="2024-11-10T18:32:03.356876" level="INFO">${arquivo} = {
    "tc1":{
        "name":  "Marlon",
        "phone":  "11985621488",
        "contact":  "whatsapping",
        "vehicle":  "m40i",
        "unit":  "AutoDealer Natal",
        "change_vehicle": ...</msg>
<var>${arquivo}</var>
<arg>${EXECDIR}/resources/fixtures/${nome_arquivo}</arg>
<doc>Returns the contents of a specified file.</doc>
<status status="PASS" start="2024-11-10T18:32:03.356491" elapsed="0.000409"/>
</kw>
<kw name="Evaluate" owner="BuiltIn">
<msg time="2024-11-10T18:32:03.357217" level="INFO">${super_var} = {'tc1': {'name': 'Marlon', 'phone': '11985621488', 'contact': 'whatsapping', 'vehicle': 'm40i', 'unit': 'AutoDealer Natal', 'change_vehicle': 'sim'}, 'tc2': {'name': 'Lara', 'phone': '11985621488', 'c...</msg>
<var>${super_var}</var>
<arg>json.loads($arquivo)</arg>
<arg>json</arg>
<doc>Evaluates the given expression in Python and returns the result.</doc>
<status status="PASS" start="2024-11-10T18:32:03.356986" elapsed="0.000253"/>
</kw>
<return>
<value>${super_var}</value>
<status status="PASS" start="2024-11-10T18:32:03.357289" elapsed="0.000045"/>
</return>
<msg time="2024-11-10T18:32:03.357434" level="INFO">${dados} = {'tc1': {'name': 'Marlon', 'phone': '11985621488', 'contact': 'whatsapping', 'vehicle': 'm40i', 'unit': 'AutoDealer Natal', 'change_vehicle': 'sim'}, 'tc2': {'name': 'Lara', 'phone': '11985621488', 'c...</msg>
<var>${dados}</var>
<arg>massa_dados.json</arg>
<status status="PASS" start="2024-11-10T18:32:03.356257" elapsed="0.001196"/>
</kw>
<kw name="Abrir modal whatsapp" owner="actions">
<kw name="Click" owner="Browser">
<msg time="2024-11-10T18:32:03.358130" level="INFO">Clicks the element 'id=new-vehicles-showcase_cta-box-button'.</msg>
<arg>${Button_Whataspp}</arg>
<tag>PageContent</tag>
<tag>Setter</tag>
<doc>Simulates mouse click on the element found by ``selector``.</doc>
<status status="PASS" start="2024-11-10T18:32:03.357832" elapsed="0.034632"/>
</kw>
<kw name="Wait For Elements State" owner="Browser">
<msg time="2024-11-10T18:32:03.396913" level="INFO">Waited for Element with selector xpath=//header[text()='Fale pelo WhatsApp'] at state visible</msg>
<arg>${WhatsApp_Title_Modal}</arg>
<tag>PageContent</tag>
<tag>Wait</tag>
<doc>Waits for the element found by ``selector`` to satisfy state option.</doc>
<status status="PASS" start="2024-11-10T18:32:03.392638" elapsed="0.004376"/>
</kw>
<status status="PASS" start="2024-11-10T18:32:03.357640" elapsed="0.039459"/>
</kw>
<kw name="Preencher Formulario" owner="actions">
<kw name="Run Process" owner="Process">
<msg time="2024-11-10T18:32:03.398243" level="INFO">Starting process:
python C:\Users\Maurício\Documents\Automações\Autoforce/resources/fixtures/create_email.py</msg>
<msg time="2024-11-10T18:32:03.402309" level="INFO">Waiting for process to complete.</msg>
<msg time="2024-11-10T18:32:03.434319" level="INFO">Process completed.</msg>
<msg time="2024-11-10T18:32:03.434455" level="INFO">${email} = &lt;result object with rc 0&gt;</msg>
<var>${email}</var>
<arg>python</arg>
<arg>${EXECDIR}/resources/fixtures/create_email.py</arg>
<doc>Runs a process and waits for it to complete.</doc>
<status status="PASS" start="2024-11-10T18:32:03.398106" elapsed="0.036375"/>
</kw>
<kw name="Run Process" owner="Process">
<msg time="2024-11-10T18:32:03.434819" level="INFO">Starting process:
python C:\Users\Maurício\Documents\Automações\Autoforce/resources/fixtures/create_cpf.py</msg>
<msg time="2024-11-10T18:32:03.438438" level="INFO">Waiting for process to complete.</msg>
<msg time="2024-11-10T18:32:03.459588" level="INFO">Process completed.</msg>
<msg time="2024-11-10T18:32:03.459714" level="INFO">${cpf} = &lt;result object with rc 0&gt;</msg>
<var>${cpf}</var>
<arg>python</arg>
<arg>${EXECDIR}/resources/fixtures/create_cpf.py</arg>
<doc>Runs a process and waits for it to complete.</doc>
<status status="PASS" start="2024-11-10T18:32:03.434645" elapsed="0.025095"/>
</kw>
<kw name="Run Keyword If" owner="BuiltIn">
<arg>not ${Is_WhatsApp}</arg>
<arg>Selecionar modelo de veiculo</arg>
<arg>${Form_Type}</arg>
<arg>${dados}</arg>
<doc>Runs the given keyword with the given arguments, if ``condition`` is true.</doc>
<status status="PASS" start="2024-11-10T18:32:03.460004" elapsed="0.000154"/>
</kw>
<kw name="Fill Text" owner="Browser">
<msg time="2024-11-10T18:32:03.460832" level="INFO">Fills the text 'Lara' in the given field.</msg>
<arg>${Form_Type} ${Input_Name}</arg>
<arg>${dados["name"]}</arg>
<tag>PageContent</tag>
<tag>Setter</tag>
<doc>Clears and fills the given ``txt`` into the text field found by ``selector``.</doc>
<status status="PASS" start="2024-11-10T18:32:03.460247" elapsed="0.010746"/>
</kw>
<kw name="Fill Text" owner="Browser">
<msg time="2024-11-10T18:32:03.471815" level="INFO">Fills the text '94470764lp14u9@testautoforce.com' in the given field.</msg>
<arg>${Form_Type} ${Input_Email}</arg>
<arg>${email.stdout}</arg>
<tag>PageContent</tag>
<tag>Setter</tag>
<doc>Clears and fills the given ``txt`` into the text field found by ``selector``.</doc>
<status status="PASS" start="2024-11-10T18:32:03.471159" elapsed="0.053130"/>
</kw>
<kw name="Fill Text" owner="Browser">
<msg time="2024-11-10T18:32:03.525373" level="INFO">Fills the text '11985621488' in the given field.</msg>
<arg>${Form_Type} ${Input_Phone}</arg>
<arg>${dados["phone"]}</arg>
<tag>PageContent</tag>
<tag>Setter</tag>
<doc>Clears and fills the given ``txt`` into the text field found by ``selector``.</doc>
<status status="PASS" start="2024-11-10T18:32:03.524486" elapsed="0.051212"/>
</kw>
<kw name="Fill Text" owner="Browser">
<msg time="2024-11-10T18:32:03.576682" level="INFO">Fills the text '184.369.757-23' in the given field.</msg>
<arg>${Form_Type} ${Input_Cpf}</arg>
<arg>${cpf.stdout}</arg>
<tag>PageContent</tag>
<tag>Setter</tag>
<doc>Clears and fills the given ``txt`` into the text field found by ``selector``.</doc>
<status status="PASS" start="2024-11-10T18:32:03.575899" elapsed="0.027927"/>
</kw>
<kw name="Check Checkbox" owner="Browser">
<arg>${Form_Type} input[name="${dados["contact"]}"]</arg>
<tag>PageContent</tag>
<tag>Setter</tag>
<doc>Checks the checkbox or selects radio button found by ``selector``.</doc>
<status status="PASS" start="2024-11-10T18:32:03.604016" elapsed="0.077336"/>
</kw>
<kw name="Run Keyword If" owner="BuiltIn">
<arg>not ${Is_WhatsApp}</arg>
<arg>Selecionar veiculo na troca</arg>
<arg>${Form_Type}</arg>
<arg>${dados}</arg>
<doc>Runs the given keyword with the given arguments, if ``condition`` is true.</doc>
<status status="PASS" start="2024-11-10T18:32:03.681551" elapsed="0.000204"/>
</kw>
<kw name="Click" owner="Browser">
<msg time="2024-11-10T18:32:03.682226" level="INFO">Clicks the element 'css=.form-modal.form-modal--whatsapp button &gt;&gt; text="Converse agora!"'.</msg>
<arg>${Form_Type} ${Submit_Button}</arg>
<tag>PageContent</tag>
<tag>Setter</tag>
<doc>Simulates mouse click on the element found by ``selector``.</doc>
<status status="PASS" start="2024-11-10T18:32:03.681875" elapsed="0.057606"/>
</kw>
<kw name="Run Keyword If" owner="BuiltIn">
<kw name="Verificar Navegacao WhatsApp" owner="actions">
<kw name="Sleep" owner="BuiltIn">
<msg time="2024-11-10T18:32:06.741020" level="INFO">Slept 3 seconds.</msg>
<arg>3</arg>
<doc>Pauses the test executed for the given time.</doc>
<status status="PASS" start="2024-11-10T18:32:03.740162" elapsed="3.000946"/>
</kw>
<kw name="Get Page Ids" owner="Browser">
<msg time="2024-11-10T18:32:06.747869" level="INFO">${page_id} = ['page=18664aa8-7574-41d9-81a1-5f6f34239034', 'page=e50668ce-b630-4e60-a1a1-1d843a915cde']</msg>
<var>${page_id}</var>
<tag>BrowserControl</tag>
<tag>Getter</tag>
<doc>Returns a list of page ids based on the context and browser selection.
See `Browser, Context and Page` for more information about Page and related concepts.</doc>
<status status="PASS" start="2024-11-10T18:32:06.741259" elapsed="0.006644"/>
</kw>
<kw name="Switch Page" owner="Browser">
<msg time="2024-11-10T18:32:06.748483" level="INFO">Switching to page page=18664aa8-7574-41d9-81a1-5f6f34239034,context CURRENT, browser CURRENT</msg>
<msg time="2024-11-10T18:32:06.753954" level="INFO">Successfully changed active page: page=18664aa8-7574-41d9-81a1-5f6f34239034</msg>
<arg>${page_id}[0]</arg>
<tag>BrowserControl</tag>
<tag>Setter</tag>
<doc>Switches the active browser page to another open page by ``id`` or ``NEW``.</doc>
<status status="PASS" start="2024-11-10T18:32:06.748043" elapsed="0.005988"/>
</kw>
<kw name="Wait For Elements State" owner="Browser">
<msg time="2024-11-10T18:32:06.770806" level="INFO">Waited for Element with selector css=a[title='Compartilhe no WhatsApp'] at state visible</msg>
<arg>${WhatsApp_Title_Button}</arg>
<arg>visible</arg>
<tag>PageContent</tag>
<tag>Wait</tag>
<doc>Waits for the element found by ``selector`` to satisfy state option.</doc>
<status status="PASS" start="2024-11-10T18:32:06.754161" elapsed="0.016745"/>
</kw>
<kw name="Get Title" owner="Browser">
<msg time="2024-11-10T18:32:06.773163" level="INFO">Title: 'Compartilhe no WhatsApp'</msg>
<arg>equals</arg>
<arg>Compartilhe no WhatsApp</arg>
<tag>Assertion</tag>
<tag>Getter</tag>
<tag>PageContent</tag>
<doc>Returns the title of the current page.</doc>
<status status="PASS" start="2024-11-10T18:32:06.771046" elapsed="0.002172"/>
</kw>
<kw name="Switch Page" owner="Browser">
<msg time="2024-11-10T18:32:06.773641" level="INFO">Switching to page page=e50668ce-b630-4e60-a1a1-1d843a915cde,context CURRENT, browser CURRENT</msg>
<msg time="2024-11-10T18:32:06.784007" level="INFO">Successfully changed active page: page=e50668ce-b630-4e60-a1a1-1d843a915cde</msg>
<arg>${page_id}[1]</arg>
<tag>BrowserControl</tag>
<tag>Setter</tag>
<doc>Switches the active browser page to another open page by ``id`` or ``NEW``.</doc>
<status status="PASS" start="2024-11-10T18:32:06.773316" elapsed="0.010815"/>
</kw>
<kw name="Close Page" owner="Browser">
<msg time="2024-11-10T18:32:06.787625" level="INFO">Switching browser to CURRENT</msg>
<msg time="2024-11-10T18:32:06.789463" level="INFO">Returned active browser id. CURRENT</msg>
<msg time="2024-11-10T18:32:06.789852" level="INFO">Switching browser to browser=5f1c0b61-ceec-45c2-816a-f3740b5876db</msg>
<msg time="2024-11-10T18:32:06.791227" level="INFO">Successfully changed active browser: browser=5f1c0b61-ceec-45c2-816a-f3740b5876db</msg>
<msg time="2024-11-10T18:32:06.791277" level="INFO">Switching context to CURRENT in CURRENT</msg>
<msg time="2024-11-10T18:32:06.793148" level="INFO">Returned active context id: CURRENT</msg>
<msg time="2024-11-10T18:32:06.793211" level="INFO">Switching context to context=07f868a5-ee45-4a0d-9bec-d7d46af2ae77 in CURRENT</msg>
<msg time="2024-11-10T18:32:06.797157" level="INFO">Successfully changed active context: context=07f868a5-ee45-4a0d-9bec-d7d46af2ae77</msg>
<msg time="2024-11-10T18:32:06.797213" level="INFO">Switching to page page=18664aa8-7574-41d9-81a1-5f6f34239034,context CURRENT, browser CURRENT</msg>
<msg time="2024-11-10T18:32:06.806208" level="INFO">Successfully changed active page: page=18664aa8-7574-41d9-81a1-5f6f34239034</msg>
<msg time="2024-11-10T18:32:06.821641" level="INFO">Successfully closed Page with runBeforeUnload false</msg>
<arg>${page_id}[0]</arg>
<tag>BrowserControl</tag>
<tag>Setter</tag>
<doc>Closes the ``page`` in ``context`` in ``browser``.</doc>
<status status="PASS" start="2024-11-10T18:32:06.784291" elapsed="0.037489"/>
</kw>
<status status="PASS" start="2024-11-10T18:32:03.739975" elapsed="3.081894"/>
</kw>
<arg>${Is_WhatsApp}</arg>
<arg>Verificar Navegacao WhatsApp</arg>
<doc>Runs the given keyword with the given arguments, if ``condition`` is true.</doc>
<status status="PASS" start="2024-11-10T18:32:03.739680" elapsed="3.082230"/>
</kw>
<kw name="Wait For Elements State" owner="Browser">
<msg time="2024-11-10T18:32:06.828299" level="INFO">Waited for Element with selector xpath=//header[text()='Fale pelo WhatsApp'] at state visible</msg>
<arg>${Wait_Element}</arg>
<arg>visible</arg>
<tag>PageContent</tag>
<tag>Wait</tag>
<doc>Waits for the element found by ``selector`` to satisfy state option.</doc>
<status status="PASS" start="2024-11-10T18:32:06.822028" elapsed="0.006404"/>
</kw>
<kw name="Run Keyword If" owner="BuiltIn">
<arg>not ${Is_WhatsApp}</arg>
<arg>Fechar Modal</arg>
<doc>Runs the given keyword with the given arguments, if ``condition`` is true.</doc>
<status status="PASS" start="2024-11-10T18:32:06.828600" elapsed="0.000160"/>
</kw>
<arg>${WhatsApp_Form_Body}</arg>
<arg>${dados["tc2"]}</arg>
<arg>${WhatsApp_Chat_Button}</arg>
<arg>${WhatsApp_Title_Modal}</arg>
<arg>Is_WhatsApp=True</arg>
<status status="PASS" start="2024-11-10T18:32:03.397445" elapsed="3.431377"/>
</kw>
<kw name="Encerrar teste" owner="base" type="TEARDOWN">
<kw name="Run Keyword If Test Failed" owner="BuiltIn">
<arg>Take Screenshot</arg>
<arg>embed</arg>
<arg>fullPage=True</arg>
<doc>Runs the given keyword with the given arguments, if the test failed.</doc>
<status status="PASS" start="2024-11-10T18:32:06.829366" elapsed="0.000076"/>
</kw>
<kw name="Close Browser" owner="Browser">
<msg time="2024-11-10T18:32:06.983400" level="INFO">Closed browser</msg>
<tag>BrowserControl</tag>
<tag>Setter</tag>
<doc>Closes the current browser.</doc>
<status status="PASS" start="2024-11-10T18:32:06.829554" elapsed="0.153976"/>
</kw>
<status status="PASS" start="2024-11-10T18:32:06.829155" elapsed="0.154463"/>
</kw>
<tag>002 - Validar abertura do WhatsApp e exibição de mensagem de confirmação após preenchimento e envio do formulário de WhatsApp.</tag>
<status status="PASS" start="2024-11-10T18:31:55.555081" elapsed="11.428693"/>
</test>
<status status="PASS" start="2024-11-10T18:31:55.430168" elapsed="11.573210"/>
</suite>
<status status="PASS" start="2024-11-10T18:31:55.409530" elapsed="11.610754"/>
</suite>
<statistics>
<total>
<stat pass="1" fail="0" skip="0">All Tests</stat>
</total>
<tag>
<stat pass="1" fail="0" skip="0">002 - Validar abertura do WhatsApp e exibição de mensagem de confirmação após preenchimento e envio do formulário de WhatsApp.</stat>
</tag>
<suite>
<stat pass="1" fail="0" skip="0" id="s1" name="Tests">Tests</stat>
<stat pass="1" fail="0" skip="0" id="s1-s1" name="Regressao">Tests.Regressao</stat>
</suite>
</statistics>
<errors>
</errors>
</robot>
